<?xml version="1.0" encoding="UTF-8"?>
<!-- Generated by org.testng.reporters.JUnitXMLReporter -->
<testsuite ignored="0" hostname="DESKTOP-AHG6CVS" failures="0" tests="4" name="Default test" time="0.126" errors="0" timestamp="2024-02-01T16:11:32 IST">
  <testcase classname="test.sample" name="sampleR" time="0.014"/>
  <testcase classname="test.sample" name="sampleP" time="0.002"/>
  <testcase classname="test.sample" name="sampleO" time="0.002"/>
  <testcase classname="test.sample" name="sampleT" time="0.003"/>
</testsuite> <!-- Default test -->
