<?xml version="1.0" encoding="UTF-8"?>
<!-- Generated by org.testng.reporters.JUnitXMLReporter -->
<testsuite ignored="2" hostname="DESKTOP-AHG6CVS" failures="0" tests="1" name="Default test" time="11.304" errors="0" timestamp="2024-02-20T14:59:30 IST">
  <testcase classname="test.LoginPage" name="loginWithValidCredentials" time="11.197"/>
  <testcase classname="test.LoginPage" name="loginwithInvalidCredentials" time="0.0">
    <ignored/>
  </testcase> <!-- loginwithInvalidCredentials -->
  <testcase classname="test.LoginPage" name="AdminDashboard" time="0.0">
    <ignored/>
  </testcase> <!-- AdminDashboard -->
</testsuite> <!-- Default test -->
