<?xml version="1.0" encoding="UTF-8"?>
<!-- Generated by org.testng.reporters.JUnitXMLReporter -->
<testsuite ignored="2" hostname="DESKTOP-AHG6CVS" failures="0" tests="4" name="Test" time="8.128" errors="0" timestamp="2024-02-01T16:30:32 IST">
  <testcase classname="test.demo" name="loginwithInvalidCredentials" time="8.018"/>
  <testcase classname="test.sample" name="sampleR" time="0.005"/>
  <testcase classname="test.sample" name="sampleO" time="0.003"/>
  <testcase classname="test.sample" name="sampleT" time="0.002"/>
  <testcase classname="test.demo" name="loginWithValidCredentials" time="0.0">
    <ignored/>
  </testcase> <!-- loginWithValidCredentials -->
  <testcase classname="test.sample" name="sampleP" time="0.0">
    <ignored/>
  </testcase> <!-- sampleP -->
</testsuite> <!-- Test -->
