<?xml version="1.0" encoding="UTF-8"?>
<testng-results ignored="2" total="6" passed="4" failed="0" skipped="0">
  <reporter-output>
  </reporter-output>
  <suite started-at="2024-02-01T16:30:24 IST" name="Suite" finished-at="2024-02-01T16:30:32 IST" duration-ms="8128">
    <groups>
    </groups>
    <test started-at="2024-02-01T16:30:24 IST" name="Test" finished-at="2024-02-01T16:30:32 IST" duration-ms="8128">
      <class name="test.sample">
        <test-method signature="sampleR()[pri:-1, instance:test.sample@53fb3dab]" started-at="2024-02-01T16:30:32 IST" name="sampleR" finished-at="2024-02-01T16:30:32 IST" duration-ms="5" status="PASS">
          <reporter-output>
          </reporter-output>
        </test-method> <!-- sampleR -->
        <test-method signature="sampleO()[pri:1, instance:test.sample@53fb3dab]" started-at="2024-02-01T16:30:32 IST" name="sampleO" finished-at="2024-02-01T16:30:32 IST" duration-ms="3" status="PASS">
          <reporter-output>
          </reporter-output>
        </test-method> <!-- sampleO -->
        <test-method signature="sampleT()[pri:2, instance:test.sample@53fb3dab]" started-at="2024-02-01T16:30:32 IST" name="sampleT" finished-at="2024-02-01T16:30:32 IST" duration-ms="2" status="PASS">
          <reporter-output>
          </reporter-output>
        </test-method> <!-- sampleT -->
      </class> <!-- test.sample -->
      <class name="test.demo">
        <test-method signature="loginwithInvalidCredentials()[pri:1, instance:test.demo@117159c0]" started-at="2024-02-01T16:30:24 IST" name="loginwithInvalidCredentials" finished-at="2024-02-01T16:30:32 IST" duration-ms="8018" status="PASS">
          <reporter-output>
          </reporter-output>
        </test-method> <!-- loginwithInvalidCredentials -->
      </class> <!-- test.demo -->
    </test> <!-- Test -->
  </suite> <!-- Suite -->
</testng-results>
